  ColorConvert.cpp
c:\users\yamad\desktop\画像装飾システム\ro22_photo_dekolate_system\ro22_photo_dekolate_system\colorconvert.h(26): warning C4005: 'FAILE': マクロが再定義されました。
  c:\users\yamad\desktop\画像装飾システム\ro22_photo_dekolate_system\ro22_photo_dekolate_system\system.h(46): note: 'FAILE' の以前の定義を確認してください
c:\users\yamad\desktop\画像装飾システム\ro22_photo_dekolate_system\ro22_photo_dekolate_system\colorconvert.cpp(119): warning C4018: '<': signed と unsigned の数値を比較しようとしました。
c:\users\yamad\desktop\画像装飾システム\ro22_photo_dekolate_system\ro22_photo_dekolate_system\colorconvert.cpp(121): warning C4018: '<': signed と unsigned の数値を比較しようとしました。
c:\users\yamad\desktop\画像装飾システム\ro22_photo_dekolate_system\ro22_photo_dekolate_system\colorconvert.cpp(66): warning C4101: 'cRestore': ローカル変数は 1 度も使われていません。
c:\users\yamad\desktop\画像装飾システム\ro22_photo_dekolate_system\ro22_photo_dekolate_system\colorconvert.cpp(68): warning C4101: 'c': ローカル変数は 1 度も使われていません。
c:\users\yamad\desktop\画像装飾システム\ro22_photo_dekolate_system\ro22_photo_dekolate_system\colorconvert.cpp(67): warning C4101: 'cCopy': ローカル変数は 1 度も使われていません。
c:\users\yamad\desktop\画像装飾システム\ro22_photo_dekolate_system\ro22_photo_dekolate_system\colorconvert.cpp(213): warning C4018: '<': signed と unsigned の数値を比較しようとしました。
c:\users\yamad\desktop\画像装飾システム\ro22_photo_dekolate_system\ro22_photo_dekolate_system\colorconvert.cpp(215): warning C4018: '<': signed と unsigned の数値を比較しようとしました。
c:\users\yamad\desktop\画像装飾システム\ro22_photo_dekolate_system\ro22_photo_dekolate_system\colorconvert.cpp(179): warning C4101: 'pImageData': ローカル変数は 1 度も使われていません。
c:\users\yamad\desktop\画像装飾システム\ro22_photo_dekolate_system\ro22_photo_dekolate_system\colorconvert.cpp(175): warning C4101: 'iLineSize': ローカル変数は 1 度も使われていません。
c:\users\yamad\desktop\画像装飾システム\ro22_photo_dekolate_system\ro22_photo_dekolate_system\colorconvert.cpp(180): warning C4101: 'pPaletData': ローカル変数は 1 度も使われていません。
c:\users\yamad\desktop\画像装飾システム\ro22_photo_dekolate_system\ro22_photo_dekolate_system\colorconvert.cpp(268): warning C4018: '<': signed と unsigned の数値を比較しようとしました。
c:\users\yamad\desktop\画像装飾システム\ro22_photo_dekolate_system\ro22_photo_dekolate_system\colorconvert.cpp(270): warning C4018: '<': signed と unsigned の数値を比較しようとしました。
c:\users\yamad\desktop\画像装飾システム\ro22_photo_dekolate_system\ro22_photo_dekolate_system\colorconvert.cpp(342): warning C4018: '<': signed と unsigned の数値を比較しようとしました。
c:\users\yamad\desktop\画像装飾システム\ro22_photo_dekolate_system\ro22_photo_dekolate_system\colorconvert.cpp(344): warning C4018: '<': signed と unsigned の数値を比較しようとしました。
c:\users\yamad\desktop\画像装飾システム\ro22_photo_dekolate_system\ro22_photo_dekolate_system\colorconvert.cpp(393): warning C4018: '<': signed と unsigned の数値を比較しようとしました。
c:\users\yamad\desktop\画像装飾システム\ro22_photo_dekolate_system\ro22_photo_dekolate_system\colorconvert.cpp(396): warning C4018: '<': signed と unsigned の数値を比較しようとしました。
c:\users\yamad\desktop\画像装飾システム\ro22_photo_dekolate_system\ro22_photo_dekolate_system\colorconvert.cpp(423): warning C4018: '<': signed と unsigned の数値を比較しようとしました。
c:\users\yamad\desktop\画像装飾システム\ro22_photo_dekolate_system\ro22_photo_dekolate_system\colorconvert.cpp(425): warning C4018: '<': signed と unsigned の数値を比較しようとしました。
c:\users\yamad\desktop\画像装飾システム\ro22_photo_dekolate_system\ro22_photo_dekolate_system\colorconvert.cpp(302): warning C4101: 'iGrayScale': ローカル変数は 1 度も使われていません。
  ColorInversion.cpp
  Conversion.cpp
c:\users\yamad\desktop\画像装飾システム\ro22_photo_dekolate_system\ro22_photo_dekolate_system\colorconvert.h(26): warning C4005: 'FAILE': マクロが再定義されました。
  c:\users\yamad\desktop\画像装飾システム\ro22_photo_dekolate_system\ro22_photo_dekolate_system\system.h(46): note: 'FAILE' の以前の定義を確認してください
c:\users\yamad\desktop\画像装飾システム\ro22_photo_dekolate_system\ro22_photo_dekolate_system\convertbmp.h(28): warning C4005: 'FAILE': マクロが再定義されました。
  c:\users\yamad\desktop\画像装飾システム\ro22_photo_dekolate_system\ro22_photo_dekolate_system\colorconvert.h(26): note: 'FAILE' の以前の定義を確認してください
  ConvertBmp.cpp
c:\users\yamad\desktop\画像装飾システム\ro22_photo_dekolate_system\ro22_photo_dekolate_system\colorconvert.h(26): warning C4005: 'FAILE': マクロが再定義されました。
  c:\users\yamad\desktop\画像装飾システム\ro22_photo_dekolate_system\ro22_photo_dekolate_system\system.h(46): note: 'FAILE' の以前の定義を確認してください
c:\users\yamad\desktop\画像装飾システム\ro22_photo_dekolate_system\ro22_photo_dekolate_system\convertbmp.h(28): warning C4005: 'FAILE': マクロが再定義されました。
  c:\users\yamad\desktop\画像装飾システム\ro22_photo_dekolate_system\ro22_photo_dekolate_system\colorconvert.h(26): note: 'FAILE' の以前の定義を確認してください
c:\users\yamad\desktop\画像装飾システム\ro22_photo_dekolate_system\ro22_photo_dekolate_system\convertbmp.cpp(52): warning C4129: '(': エスケープ シーケンスとして正しく認識されませんでした。
  Copy.cpp
  DataInputer.cpp
  Decorate.cpp
c:\users\yamad\desktop\画像装飾システム\ro22_photo_dekolate_system\ro22_photo_dekolate_system\colorconvert.h(26): warning C4005: 'FAILE': マクロが再定義されました。
  c:\users\yamad\desktop\画像装飾システム\ro22_photo_dekolate_system\ro22_photo_dekolate_system\system.h(46): note: 'FAILE' の以前の定義を確認してください
  DecorateInfo.cpp
  FileFormat.cpp
  FileIO.cpp
  FilePath.cpp
  ImageInputer.cpp
c:\users\yamad\desktop\画像装飾システム\ro22_photo_dekolate_system\ro22_photo_dekolate_system\colorconvert.h(26): warning C4005: 'FAILE': マクロが再定義されました。
  c:\users\yamad\desktop\画像装飾システム\ro22_photo_dekolate_system\ro22_photo_dekolate_system\system.h(46): note: 'FAILE' の以前の定義を確認してください
c:\users\yamad\desktop\画像装飾システム\ro22_photo_dekolate_system\ro22_photo_dekolate_system\convertbmp.h(28): warning C4005: 'FAILE': マクロが再定義されました。
  c:\users\yamad\desktop\画像装飾システム\ro22_photo_dekolate_system\ro22_photo_dekolate_system\colorconvert.h(26): note: 'FAILE' の以前の定義を確認してください
c:\users\yamad\desktop\画像装飾システム\ro22_photo_dekolate_system\ro22_photo_dekolate_system\imageinputer.cpp(25): warning C4101: 'iCnt': ローカル変数は 1 度も使われていません。
  ImageInvert.cpp
c:\users\yamad\desktop\画像装飾システム\ro22_photo_dekolate_system\ro22_photo_dekolate_system\imageinvert.cpp(94): warning C4018: '<': signed と unsigned の数値を比較しようとしました。
c:\users\yamad\desktop\画像装飾システム\ro22_photo_dekolate_system\ro22_photo_dekolate_system\imageinvert.cpp(98): warning C4018: '<': signed と unsigned の数値を比較しようとしました。
c:\users\yamad\desktop\画像装飾システム\ro22_photo_dekolate_system\ro22_photo_dekolate_system\imageinvert.cpp(187): warning C4018: '<': signed と unsigned の数値を比較しようとしました。
c:\users\yamad\desktop\画像装飾システム\ro22_photo_dekolate_system\ro22_photo_dekolate_system\imageinvert.cpp(191): warning C4018: '<': signed と unsigned の数値を比較しようとしました。
c:\users\yamad\desktop\画像装飾システム\ro22_photo_dekolate_system\ro22_photo_dekolate_system\imageinvert.cpp(277): warning C4018: '<': signed と unsigned の数値を比較しようとしました。
c:\users\yamad\desktop\画像装飾システム\ro22_photo_dekolate_system\ro22_photo_dekolate_system\imageinvert.cpp(281): warning C4018: '<': signed と unsigned の数値を比較しようとしました。
  ImageOutputer.cpp
c:\users\yamad\desktop\画像装飾システム\ro22_photo_dekolate_system\ro22_photo_dekolate_system\colorconvert.h(26): warning C4005: 'FAILE': マクロが再定義されました。
  c:\users\yamad\desktop\画像装飾システム\ro22_photo_dekolate_system\ro22_photo_dekolate_system\system.h(46): note: 'FAILE' の以前の定義を確認してください
c:\users\yamad\desktop\画像装飾システム\ro22_photo_dekolate_system\ro22_photo_dekolate_system\convertbmp.h(28): warning C4005: 'FAILE': マクロが再定義されました。
  c:\users\yamad\desktop\画像装飾システム\ro22_photo_dekolate_system\ro22_photo_dekolate_system\colorconvert.h(26): note: 'FAILE' の以前の定義を確認してください
  IndependentProcessing.cpp
c:\users\yamad\desktop\画像装飾システム\ro22_photo_dekolate_system\ro22_photo_dekolate_system\colorconvert.h(26): warning C4005: 'FAILE': マクロが再定義されました。
  c:\users\yamad\desktop\画像装飾システム\ro22_photo_dekolate_system\ro22_photo_dekolate_system\system.h(46): note: 'FAILE' の以前の定義を確認してください
  Intensive.cpp
c:\users\yamad\desktop\画像装飾システム\ro22_photo_dekolate_system\ro22_photo_dekolate_system\intensive.cpp(180): warning C4018: '<': signed と unsigned の数値を比較しようとしました。
c:\users\yamad\desktop\画像装飾システム\ro22_photo_dekolate_system\ro22_photo_dekolate_system\intensive.cpp(183): warning C4018: '<': signed と unsigned の数値を比較しようとしました。
c:\users\yamad\desktop\画像装飾システム\ro22_photo_dekolate_system\ro22_photo_dekolate_system\intensive.cpp(186): warning C4018: '<': signed と unsigned の数値を比較しようとしました。
c:\users\yamad\desktop\画像装飾システム\ro22_photo_dekolate_system\ro22_photo_dekolate_system\intensive.cpp(190): warning C4018: '<': signed と unsigned の数値を比較しようとしました。
c:\users\yamad\desktop\画像装飾システム\ro22_photo_dekolate_system\ro22_photo_dekolate_system\intensive.cpp(193): warning C4018: '<': signed と unsigned の数値を比較しようとしました。
c:\users\yamad\desktop\画像装飾システム\ro22_photo_dekolate_system\ro22_photo_dekolate_system\intensive.cpp(196): warning C4018: '<': signed と unsigned の数値を比較しようとしました。
c:\users\yamad\desktop\画像装飾システム\ro22_photo_dekolate_system\ro22_photo_dekolate_system\intensive.cpp(273): warning C4018: '<': signed と unsigned の数値を比較しようとしました。
c:\users\yamad\desktop\画像装飾システム\ro22_photo_dekolate_system\ro22_photo_dekolate_system\intensive.cpp(278): warning C4018: '<': signed と unsigned の数値を比較しようとしました。
c:\users\yamad\desktop\画像装飾システム\ro22_photo_dekolate_system\ro22_photo_dekolate_system\intensive.cpp(395): warning C4018: '<': signed と unsigned の数値を比較しようとしました。
c:\users\yamad\desktop\画像装飾システム\ro22_photo_dekolate_system\ro22_photo_dekolate_system\intensive.cpp(399): warning C4018: '<': signed と unsigned の数値を比較しようとしました。
c:\users\yamad\desktop\画像装飾システム\ro22_photo_dekolate_system\ro22_photo_dekolate_system\intensive.cpp(452): warning C4018: '<': signed と unsigned の数値を比較しようとしました。
c:\users\yamad\desktop\画像装飾システム\ro22_photo_dekolate_system\ro22_photo_dekolate_system\intensive.cpp(457): warning C4018: '<': signed と unsigned の数値を比較しようとしました。
c:\users\yamad\desktop\画像装飾システム\ro22_photo_dekolate_system\ro22_photo_dekolate_system\intensive.cpp(558): warning C4018: '<': signed と unsigned の数値を比較しようとしました。
c:\users\yamad\desktop\画像装飾システム\ro22_photo_dekolate_system\ro22_photo_dekolate_system\intensive.cpp(562): warning C4018: '<': signed と unsigned の数値を比較しようとしました。
c:\users\yamad\desktop\画像装飾システム\ro22_photo_dekolate_system\ro22_photo_dekolate_system\intensive.cpp(612): warning C4018: '<': signed と unsigned の数値を比較しようとしました。
c:\users\yamad\desktop\画像装飾システム\ro22_photo_dekolate_system\ro22_photo_dekolate_system\intensive.cpp(617): warning C4018: '<': signed と unsigned の数値を比較しようとしました。
  Interface.cpp
  Magnification.cpp
c:\users\yamad\desktop\画像装飾システム\ro22_photo_dekolate_system\ro22_photo_dekolate_system\magnification.cpp(88): warning C4244: '=': 'int' から 'FLOT' への変換です。データが失われる可能性があります。
c:\users\yamad\desktop\画像装飾システム\ro22_photo_dekolate_system\ro22_photo_dekolate_system\magnification.cpp(91): warning C4244: '=': 'FLOT' から 'SINT' への変換です。データが失われる可能性があります。
c:\users\yamad\desktop\画像装飾システム\ro22_photo_dekolate_system\ro22_photo_dekolate_system\magnification.cpp(95): warning C4244: '=': 'FLOT' から 'UINT' への変換です。データが失われる可能性があります。
c:\users\yamad\desktop\画像装飾システム\ro22_photo_dekolate_system\ro22_photo_dekolate_system\magnification.cpp(96): warning C4244: '=': 'FLOT' から 'UINT' への変換です。データが失われる可能性があります。
  Main.cpp
c:\users\yamad\desktop\画像装飾システム\ro22_photo_dekolate_system\ro22_photo_dekolate_system\colorconvert.h(26): warning C4005: 'FAILE': マクロが再定義されました。
  c:\users\yamad\desktop\画像装飾システム\ro22_photo_dekolate_system\ro22_photo_dekolate_system\system.h(46): note: 'FAILE' の以前の定義を確認してください
c:\users\yamad\desktop\画像装飾システム\ro22_photo_dekolate_system\ro22_photo_dekolate_system\fileio.h(31): warning C4005: 'FAILE': マクロが再定義されました。
  c:\users\yamad\desktop\画像装飾システム\ro22_photo_dekolate_system\ro22_photo_dekolate_system\colorconvert.h(26): note: 'FAILE' の以前の定義を確認してください
c:\users\yamad\desktop\画像装飾システム\ro22_photo_dekolate_system\ro22_photo_dekolate_system\main.cpp(58): warning C4101: 'IF': ローカル変数は 1 度も使われていません。
c:\users\yamad\desktop\画像装飾システム\ro22_photo_dekolate_system\ro22_photo_dekolate_system\main.cpp(539): warning C4018: '<': signed と unsigned の数値を比較しようとしました。
c:\users\yamad\desktop\画像装飾システム\ro22_photo_dekolate_system\ro22_photo_dekolate_system\main.cpp(540): warning C4018: '<': signed と unsigned の数値を比較しようとしました。
  Mosaic.cpp
c:\users\yamad\desktop\画像装飾システム\ro22_photo_dekolate_system\ro22_photo_dekolate_system\mosaic.cpp(80): warning C4018: '<': signed と unsigned の数値を比較しようとしました。
c:\users\yamad\desktop\画像装飾システム\ro22_photo_dekolate_system\ro22_photo_dekolate_system\mosaic.cpp(83): warning C4018: '<': signed と unsigned の数値を比較しようとしました。
  コードを生成中...
c:\users\yamad\desktop\画像装飾システム\ro22_photo_dekolate_system\ro22_photo_dekolate_system\colorconvert.cpp(42): warning C4715: 'ColorConvert::exe': 値を返さないコントロール パスがあります。
  コンパイル中...
  MultipleProcessing.cpp
  Overlay.cpp
c:\users\yamad\desktop\画像装飾システム\ro22_photo_dekolate_system\ro22_photo_dekolate_system\overlay.cpp(131): warning C4018: '<': signed と unsigned の数値を比較しようとしました。
c:\users\yamad\desktop\画像装飾システム\ro22_photo_dekolate_system\ro22_photo_dekolate_system\overlay.cpp(132): warning C4018: '<': signed と unsigned の数値を比較しようとしました。
c:\users\yamad\desktop\画像装飾システム\ro22_photo_dekolate_system\ro22_photo_dekolate_system\overlay.cpp(217): warning C4018: '<': signed と unsigned の数値を比較しようとしました。
c:\users\yamad\desktop\画像装飾システム\ro22_photo_dekolate_system\ro22_photo_dekolate_system\overlay.cpp(218): warning C4018: '<': signed と unsigned の数値を比較しようとしました。
  Rotate.cpp
c:\users\yamad\desktop\画像装飾システム\ro22_photo_dekolate_system\ro22_photo_dekolate_system\rotate.cpp(84): warning C4018: '<': signed と unsigned の数値を比較しようとしました。
c:\users\yamad\desktop\画像装飾システム\ro22_photo_dekolate_system\ro22_photo_dekolate_system\rotate.cpp(85): warning C4018: '<': signed と unsigned の数値を比較しようとしました。
  Sepia.cpp
c:\users\yamad\desktop\画像装飾システム\ro22_photo_dekolate_system\ro22_photo_dekolate_system\sepia.cpp(120): warning C4018: '<': signed と unsigned の数値を比較しようとしました。
c:\users\yamad\desktop\画像装飾システム\ro22_photo_dekolate_system\ro22_photo_dekolate_system\sepia.cpp(121): warning C4018: '<': signed と unsigned の数値を比較しようとしました。
c:\users\yamad\desktop\画像装飾システム\ro22_photo_dekolate_system\ro22_photo_dekolate_system\sepia.cpp(132): warning C4244: '=': 'double' から 'UCHR' への変換です。データが失われる可能性があります。
c:\users\yamad\desktop\画像装飾システム\ro22_photo_dekolate_system\ro22_photo_dekolate_system\sepia.cpp(189): warning C4018: '<': signed と unsigned の数値を比較しようとしました。
c:\users\yamad\desktop\画像装飾システム\ro22_photo_dekolate_system\ro22_photo_dekolate_system\sepia.cpp(190): warning C4018: '<': signed と unsigned の数値を比較しようとしました。
c:\users\yamad\desktop\画像装飾システム\ro22_photo_dekolate_system\ro22_photo_dekolate_system\sepia.cpp(201): warning C4244: '=': 'double' から 'UCHR' への変換です。データが失われる可能性があります。
c:\users\yamad\desktop\画像装飾システム\ro22_photo_dekolate_system\ro22_photo_dekolate_system\sepia.cpp(259): warning C4018: '<': signed と unsigned の数値を比較しようとしました。
c:\users\yamad\desktop\画像装飾システム\ro22_photo_dekolate_system\ro22_photo_dekolate_system\sepia.cpp(260): warning C4018: '<': signed と unsigned の数値を比較しようとしました。
  コードを生成中...
  Photo_Decolate.vcxproj -> C:\Users\yamad\source\repos\Photo_Decolate\Debug\Photo_Decolate.exe
